\BOOKMARK [0][-]{chapter.1}{\376\377\0001\000\040\000N\000a\000m\000e\000s\000p\000a\000c\000e\000\040\000I\000n\000d\000e\000x}{}% 1
\BOOKMARK [1][-]{section.1.1}{\376\377\0001\000.\0001\000\040\000P\000a\000c\000k\000a\000g\000e\000s}{chapter.1}% 2
\BOOKMARK [0][-]{chapter.2}{\376\377\0002\000\040\000H\000i\000e\000r\000a\000r\000c\000h\000i\000c\000a\000l\000\040\000I\000n\000d\000e\000x}{}% 3
\BOOKMARK [1][-]{section.2.1}{\376\377\0002\000.\0001\000\040\000C\000l\000a\000s\000s\000\040\000H\000i\000e\000r\000a\000r\000c\000h\000y}{chapter.2}% 4
\BOOKMARK [0][-]{chapter.3}{\376\377\0003\000\040\000C\000l\000a\000s\000s\000\040\000I\000n\000d\000e\000x}{}% 5
\BOOKMARK [1][-]{section.3.1}{\376\377\0003\000.\0001\000\040\000C\000l\000a\000s\000s\000\040\000L\000i\000s\000t}{chapter.3}% 6
\BOOKMARK [0][-]{chapter.4}{\376\377\0004\000\040\000F\000i\000l\000e\000\040\000I\000n\000d\000e\000x}{}% 7
\BOOKMARK [1][-]{section.4.1}{\376\377\0004\000.\0001\000\040\000F\000i\000l\000e\000\040\000L\000i\000s\000t}{chapter.4}% 8
\BOOKMARK [0][-]{chapter.5}{\376\377\0005\000\040\000N\000a\000m\000e\000s\000p\000a\000c\000e\000\040\000D\000o\000c\000u\000m\000e\000n\000t\000a\000t\000i\000o\000n}{}% 9
\BOOKMARK [1][-]{section.5.1}{\376\377\0005\000.\0001\000\040\000P\000a\000c\000k\000a\000g\000e\000\040\000e\000s}{chapter.5}% 10
\BOOKMARK [1][-]{section.5.2}{\376\377\0005\000.\0002\000\040\000P\000a\000c\000k\000a\000g\000e\000\040\000e\000s\000.\000d\000e\000u\000s\000t\000o}{chapter.5}% 11
\BOOKMARK [1][-]{section.5.3}{\376\377\0005\000.\0003\000\040\000P\000a\000c\000k\000a\000g\000e\000\040\000e\000s\000.\000d\000e\000u\000s\000t\000o\000.\000t\000e\000s\000t\000i\000n\000g}{chapter.5}% 12
\BOOKMARK [1][-]{section.5.4}{\376\377\0005\000.\0004\000\040\000P\000a\000c\000k\000a\000g\000e\000\040\000e\000s\000.\000d\000e\000u\000s\000t\000o\000.\000t\000e\000s\000t\000i\000n\000g\000.\000j\000u\000n\000i\000t}{chapter.5}% 13
\BOOKMARK [2][-]{subsection.5.4.1}{\376\377\0005\000.\0004\000.\0001\000\040\000D\000e\000t\000a\000i\000l\000e\000d\000\040\000D\000e\000s\000c\000r\000i\000p\000t\000i\000o\000n}{section.5.4}% 14
\BOOKMARK [0][-]{chapter.6}{\376\377\0006\000\040\000C\000l\000a\000s\000s\000\040\000D\000o\000c\000u\000m\000e\000n\000t\000a\000t\000i\000o\000n}{}% 15
\BOOKMARK [1][-]{section.6.1}{\376\377\0006\000.\0001\000\040\000e\000s\000.\000d\000e\000u\000s\000t\000o\000.\000t\000e\000s\000t\000i\000n\000g\000.\000j\000u\000n\000i\000t\000.\000I\000M\000o\000n\000e\000y\000\040\000I\000n\000t\000e\000r\000f\000a\000c\000e\000\040\000R\000e\000f\000e\000r\000e\000n\000c\000e}{chapter.6}% 16
\BOOKMARK [2][-]{subsection.6.1.1}{\376\377\0006\000.\0001\000.\0001\000\040\000D\000e\000t\000a\000i\000l\000e\000d\000\040\000D\000e\000s\000c\000r\000i\000p\000t\000i\000o\000n}{section.6.1}% 17
\BOOKMARK [2][-]{subsection.6.1.2}{\376\377\0006\000.\0001\000.\0002\000\040\000M\000e\000m\000b\000e\000r\000\040\000F\000u\000n\000c\000t\000i\000o\000n\000\040\000D\000o\000c\000u\000m\000e\000n\000t\000a\000t\000i\000o\000n}{section.6.1}% 18
\BOOKMARK [3][-]{subsubsection.6.1.2.1}{\376\377\0006\000.\0001\000.\0002\000.\0001\000\040\000a\000d\000d\000\050\000I\000M\000o\000n\000e\000y\000\040\000m\000\051}{subsection.6.1.2}% 19
\BOOKMARK [3][-]{subsubsection.6.1.2.2}{\376\377\0006\000.\0001\000.\0002\000.\0002\000\040\000a\000d\000d\000M\000o\000n\000e\000y\000\050\000M\000o\000n\000e\000y\000\040\000m\000\051}{subsection.6.1.2}% 20
\BOOKMARK [3][-]{subsubsection.6.1.2.3}{\376\377\0006\000.\0001\000.\0002\000.\0003\000\040\000a\000d\000d\000M\000o\000n\000e\000y\000B\000a\000g\000\050\000M\000o\000n\000e\000y\000B\000a\000g\000\040\000s\000\051}{subsection.6.1.2}% 21
\BOOKMARK [3][-]{subsubsection.6.1.2.4}{\376\377\0006\000.\0001\000.\0002\000.\0004\000\040\000a\000p\000p\000e\000n\000d\000T\000o\000\050\000M\000o\000n\000e\000y\000B\000a\000g\000\040\000m\000\051}{subsection.6.1.2}% 22
\BOOKMARK [3][-]{subsubsection.6.1.2.5}{\376\377\0006\000.\0001\000.\0002\000.\0005\000\040\000i\000s\000Z\000e\000r\000o\000\050\000\051}{subsection.6.1.2}% 23
\BOOKMARK [3][-]{subsubsection.6.1.2.6}{\376\377\0006\000.\0001\000.\0002\000.\0006\000\040\000m\000u\000l\000t\000i\000p\000l\000y\000\050\000i\000n\000t\000\040\000f\000a\000c\000t\000o\000r\000\051}{subsection.6.1.2}% 24
\BOOKMARK [3][-]{subsubsection.6.1.2.7}{\376\377\0006\000.\0001\000.\0002\000.\0007\000\040\000n\000e\000g\000a\000t\000e\000\050\000\051}{subsection.6.1.2}% 25
\BOOKMARK [3][-]{subsubsection.6.1.2.8}{\376\377\0006\000.\0001\000.\0002\000.\0008\000\040\000s\000u\000b\000t\000r\000a\000c\000t\000\050\000I\000M\000o\000n\000e\000y\000\040\000m\000\051}{subsection.6.1.2}% 26
\BOOKMARK [1][-]{section.6.2}{\376\377\0006\000.\0002\000\040\000e\000s\000.\000d\000e\000u\000s\000t\000o\000.\000t\000e\000s\000t\000i\000n\000g\000.\000j\000u\000n\000i\000t\000.\000M\000o\000n\000e\000y\000\040\000C\000l\000a\000s\000s\000\040\000R\000e\000f\000e\000r\000e\000n\000c\000e}{chapter.6}% 27
\BOOKMARK [2][-]{subsection.6.2.1}{\376\377\0006\000.\0002\000.\0001\000\040\000D\000e\000t\000a\000i\000l\000e\000d\000\040\000D\000e\000s\000c\000r\000i\000p\000t\000i\000o\000n}{section.6.2}% 28
\BOOKMARK [2][-]{subsection.6.2.2}{\376\377\0006\000.\0002\000.\0002\000\040\000C\000o\000n\000s\000t\000r\000u\000c\000t\000o\000r\000\040\000\046\000\040\000D\000e\000s\000t\000r\000u\000c\000t\000o\000r\000\040\000D\000o\000c\000u\000m\000e\000n\000t\000a\000t\000i\000o\000n}{section.6.2}% 29
\BOOKMARK [3][-]{subsubsection.6.2.2.1}{\376\377\0006\000.\0002\000.\0002\000.\0001\000\040\000M\000o\000n\000e\000y\000\050\000i\000n\000t\000\040\000a\000m\000o\000u\000n\000t\000,\000\040\000S\000t\000r\000i\000n\000g\000\040\000c\000u\000r\000r\000e\000n\000c\000y\000\051}{subsection.6.2.2}% 30
\BOOKMARK [2][-]{subsection.6.2.3}{\376\377\0006\000.\0002\000.\0003\000\040\000M\000e\000m\000b\000e\000r\000\040\000F\000u\000n\000c\000t\000i\000o\000n\000\040\000D\000o\000c\000u\000m\000e\000n\000t\000a\000t\000i\000o\000n}{section.6.2}% 31
\BOOKMARK [3][-]{subsubsection.6.2.3.1}{\376\377\0006\000.\0002\000.\0003\000.\0001\000\040\000a\000d\000d\000\050\000I\000M\000o\000n\000e\000y\000\040\000m\000\051}{subsection.6.2.3}% 32
\BOOKMARK [3][-]{subsubsection.6.2.3.2}{\376\377\0006\000.\0002\000.\0003\000.\0002\000\040\000a\000d\000d\000M\000o\000n\000e\000y\000\050\000M\000o\000n\000e\000y\000\040\000m\000\051}{subsection.6.2.3}% 33
\BOOKMARK [3][-]{subsubsection.6.2.3.3}{\376\377\0006\000.\0002\000.\0003\000.\0003\000\040\000a\000d\000d\000M\000o\000n\000e\000y\000B\000a\000g\000\050\000M\000o\000n\000e\000y\000B\000a\000g\000\040\000s\000\051}{subsection.6.2.3}% 34
\BOOKMARK [3][-]{subsubsection.6.2.3.4}{\376\377\0006\000.\0002\000.\0003\000.\0004\000\040\000a\000m\000o\000u\000n\000t\000\050\000\051}{subsection.6.2.3}% 35
\BOOKMARK [3][-]{subsubsection.6.2.3.5}{\376\377\0006\000.\0002\000.\0003\000.\0005\000\040\000a\000p\000p\000e\000n\000d\000T\000o\000\050\000M\000o\000n\000e\000y\000B\000a\000g\000\040\000m\000\051}{subsection.6.2.3}% 36
\BOOKMARK [3][-]{subsubsection.6.2.3.6}{\376\377\0006\000.\0002\000.\0003\000.\0006\000\040\000c\000u\000r\000r\000e\000n\000c\000y\000\050\000\051}{subsection.6.2.3}% 37
\BOOKMARK [3][-]{subsubsection.6.2.3.7}{\376\377\0006\000.\0002\000.\0003\000.\0007\000\040\000e\000q\000u\000a\000l\000s\000\050\000O\000b\000j\000e\000c\000t\000\040\000a\000n\000O\000b\000j\000e\000c\000t\000\051}{subsection.6.2.3}% 38
\BOOKMARK [3][-]{subsubsection.6.2.3.8}{\376\377\0006\000.\0002\000.\0003\000.\0008\000\040\000h\000a\000s\000h\000C\000o\000d\000e\000\050\000\051}{subsection.6.2.3}% 39
\BOOKMARK [3][-]{subsubsection.6.2.3.9}{\376\377\0006\000.\0002\000.\0003\000.\0009\000\040\000i\000s\000Z\000e\000r\000o\000\050\000\051}{subsection.6.2.3}% 40
\BOOKMARK [3][-]{subsubsection.6.2.3.10}{\376\377\0006\000.\0002\000.\0003\000.\0001\0000\000\040\000m\000u\000l\000t\000i\000p\000l\000y\000\050\000i\000n\000t\000\040\000f\000a\000c\000t\000o\000r\000\051}{subsection.6.2.3}% 41
\BOOKMARK [3][-]{subsubsection.6.2.3.11}{\376\377\0006\000.\0002\000.\0003\000.\0001\0001\000\040\000n\000e\000g\000a\000t\000e\000\050\000\051}{subsection.6.2.3}% 42
\BOOKMARK [3][-]{subsubsection.6.2.3.12}{\376\377\0006\000.\0002\000.\0003\000.\0001\0002\000\040\000s\000u\000b\000t\000r\000a\000c\000t\000\050\000I\000M\000o\000n\000e\000y\000\040\000m\000\051}{subsection.6.2.3}% 43
\BOOKMARK [3][-]{subsubsection.6.2.3.13}{\376\377\0006\000.\0002\000.\0003\000.\0001\0003\000\040\000t\000o\000S\000t\000r\000i\000n\000g\000\050\000\051}{subsection.6.2.3}% 44
\BOOKMARK [1][-]{section.6.3}{\376\377\0006\000.\0003\000\040\000e\000s\000.\000d\000e\000u\000s\000t\000o\000.\000t\000e\000s\000t\000i\000n\000g\000.\000j\000u\000n\000i\000t\000.\000M\000o\000n\000e\000y\000B\000a\000g\000\040\000C\000l\000a\000s\000s\000\040\000R\000e\000f\000e\000r\000e\000n\000c\000e}{chapter.6}% 45
\BOOKMARK [2][-]{subsection.6.3.1}{\376\377\0006\000.\0003\000.\0001\000\040\000D\000e\000t\000a\000i\000l\000e\000d\000\040\000D\000e\000s\000c\000r\000i\000p\000t\000i\000o\000n}{section.6.3}% 46
\BOOKMARK [2][-]{subsection.6.3.2}{\376\377\0006\000.\0003\000.\0002\000\040\000M\000e\000m\000b\000e\000r\000\040\000F\000u\000n\000c\000t\000i\000o\000n\000\040\000D\000o\000c\000u\000m\000e\000n\000t\000a\000t\000i\000o\000n}{section.6.3}% 47
\BOOKMARK [3][-]{subsubsection.6.3.2.1}{\376\377\0006\000.\0003\000.\0002\000.\0001\000\040\000a\000d\000d\000\050\000I\000M\000o\000n\000e\000y\000\040\000m\000\051}{subsection.6.3.2}% 48
\BOOKMARK [3][-]{subsubsection.6.3.2.2}{\376\377\0006\000.\0003\000.\0002\000.\0002\000\040\000a\000d\000d\000M\000o\000n\000e\000y\000\050\000M\000o\000n\000e\000y\000\040\000m\000\051}{subsection.6.3.2}% 49
\BOOKMARK [3][-]{subsubsection.6.3.2.3}{\376\377\0006\000.\0003\000.\0002\000.\0003\000\040\000a\000d\000d\000M\000o\000n\000e\000y\000B\000a\000g\000\050\000M\000o\000n\000e\000y\000B\000a\000g\000\040\000s\000\051}{subsection.6.3.2}% 50
\BOOKMARK [3][-]{subsubsection.6.3.2.4}{\376\377\0006\000.\0003\000.\0002\000.\0004\000\040\000a\000p\000p\000e\000n\000d\000T\000o\000\050\000M\000o\000n\000e\000y\000B\000a\000g\000\040\000m\000\051}{subsection.6.3.2}% 51
\BOOKMARK [3][-]{subsubsection.6.3.2.5}{\376\377\0006\000.\0003\000.\0002\000.\0005\000\040\000c\000r\000e\000a\000t\000e\000\050\000I\000M\000o\000n\000e\000y\000\040\000m\0001\000,\000\040\000I\000M\000o\000n\000e\000y\000\040\000m\0002\000\051}{subsection.6.3.2}% 52
\BOOKMARK [3][-]{subsubsection.6.3.2.6}{\376\377\0006\000.\0003\000.\0002\000.\0006\000\040\000e\000q\000u\000a\000l\000s\000\050\000O\000b\000j\000e\000c\000t\000\040\000a\000n\000O\000b\000j\000e\000c\000t\000\051}{subsection.6.3.2}% 53
\BOOKMARK [3][-]{subsubsection.6.3.2.7}{\376\377\0006\000.\0003\000.\0002\000.\0007\000\040\000h\000a\000s\000h\000C\000o\000d\000e\000\050\000\051}{subsection.6.3.2}% 54
\BOOKMARK [3][-]{subsubsection.6.3.2.8}{\376\377\0006\000.\0003\000.\0002\000.\0008\000\040\000i\000s\000Z\000e\000r\000o\000\050\000\051}{subsection.6.3.2}% 55
\BOOKMARK [3][-]{subsubsection.6.3.2.9}{\376\377\0006\000.\0003\000.\0002\000.\0009\000\040\000m\000u\000l\000t\000i\000p\000l\000y\000\050\000i\000n\000t\000\040\000f\000a\000c\000t\000o\000r\000\051}{subsection.6.3.2}% 56
\BOOKMARK [3][-]{subsubsection.6.3.2.10}{\376\377\0006\000.\0003\000.\0002\000.\0001\0000\000\040\000n\000e\000g\000a\000t\000e\000\050\000\051}{subsection.6.3.2}% 57
\BOOKMARK [3][-]{subsubsection.6.3.2.11}{\376\377\0006\000.\0003\000.\0002\000.\0001\0001\000\040\000s\000u\000b\000t\000r\000a\000c\000t\000\050\000I\000M\000o\000n\000e\000y\000\040\000m\000\051}{subsection.6.3.2}% 58
\BOOKMARK [3][-]{subsubsection.6.3.2.12}{\376\377\0006\000.\0003\000.\0002\000.\0001\0002\000\040\000t\000o\000S\000t\000r\000i\000n\000g\000\050\000\051}{subsection.6.3.2}% 59
\BOOKMARK [0][-]{chapter.7}{\376\377\0007\000\040\000F\000i\000l\000e\000\040\000D\000o\000c\000u\000m\000e\000n\000t\000a\000t\000i\000o\000n}{}% 60
\BOOKMARK [1][-]{section.7.1}{\376\377\0007\000.\0001\000\040\000s\000r\000c\000/\000m\000a\000i\000n\000/\000j\000a\000v\000a\000/\000e\000s\000/\000d\000e\000u\000s\000t\000o\000/\000t\000e\000s\000t\000i\000n\000g\000/\000j\000u\000n\000i\000t\000/\000I\000M\000o\000n\000e\000y\000.\000j\000a\000v\000a\000\040\000F\000i\000l\000e\000\040\000R\000e\000f\000e\000r\000e\000n\000c\000e}{chapter.7}% 61
\BOOKMARK [1][-]{section.7.2}{\376\377\0007\000.\0002\000\040\000s\000r\000c\000/\000m\000a\000i\000n\000/\000j\000a\000v\000a\000/\000e\000s\000/\000d\000e\000u\000s\000t\000o\000/\000t\000e\000s\000t\000i\000n\000g\000/\000j\000u\000n\000i\000t\000/\000M\000o\000n\000e\000y\000.\000j\000a\000v\000a\000\040\000F\000i\000l\000e\000\040\000R\000e\000f\000e\000r\000e\000n\000c\000e}{chapter.7}% 62
\BOOKMARK [2][-]{subsection.7.2.1}{\376\377\0007\000.\0002\000.\0001\000\040\000D\000e\000t\000a\000i\000l\000e\000d\000\040\000D\000e\000s\000c\000r\000i\000p\000t\000i\000o\000n}{section.7.2}% 63
\BOOKMARK [1][-]{section.7.3}{\376\377\0007\000.\0003\000\040\000s\000r\000c\000/\000m\000a\000i\000n\000/\000j\000a\000v\000a\000/\000e\000s\000/\000d\000e\000u\000s\000t\000o\000/\000t\000e\000s\000t\000i\000n\000g\000/\000j\000u\000n\000i\000t\000/\000M\000o\000n\000e\000y\000B\000a\000g\000.\000j\000a\000v\000a\000\040\000F\000i\000l\000e\000\040\000R\000e\000f\000e\000r\000e\000n\000c\000e}{chapter.7}% 64
\BOOKMARK [0][-]{section*.51}{\376\377\000I\000n\000d\000e\000x}{}% 65
